
> padbol-match-frontend@0.1.0 build
> react-scripts build

(node:51823) [DEP0176] DeprecationWarning: fs.F_OK is deprecated, use fs.constants.F_OK instead
(Use `node --trace-deprecation ...` to show where the warning was created)
Creating an optimized production build...
Compiled with warnings.

[eslint] 
src/App.js
  Line 1:27:    'useEffect' is defined but never used                                                                                                                                                                                                                                                                                                                              no-unused-vars
  Line 80:17:   'data' is assigned a value but never used                                                                                                                                                                                                                                                                                                                          no-unused-vars
  Line 151:34:  The href attribute requires a valid value to be accessible. Provide a valid, navigable address as the href value. If you cannot provide a valid href, but still need the element to resemble a link, use a button and change it with appropriate styles. Learn more: https://github.com/jsx-eslint/eslint-plugin-jsx-a11y/blob/HEAD/docs/rules/anchor-is-valid.md  jsx-a11y/anchor-is-valid
  Line 204:34:  The href attribute requires a valid value to be accessible. Provide a valid, navigable address as the href value. If you cannot provide a valid href, but still need the element to resemble a link, use a button and change it with appropriate styles. Learn more: https://github.com/jsx-eslint/eslint-plugin-jsx-a11y/blob/HEAD/docs/rules/anchor-is-valid.md  jsx-a11y/anchor-is-valid

Search for the keywords to learn more about each warning.
To ignore, add // eslint-disable-next-line to the line before.

File sizes after gzip:

  134.07 kB  build/static/js/main.999c1295.js
  3.55 kB    build/static/css/main.745d5f97.css
  1.77 kB    build/static/js/453.c8b39a87.chunk.js

The project was built assuming it is hosted at /.
You can control this with the homepage field in your package.json.

The build folder is ready to be deployed.
You may serve it with a static server:

  npm install -g serve
  serve -s build

Find out more about deployment here:

  https://cra.link/deployment

